file:C:/Program Files/Git/etc/gitconfig	diff.astextplain.textconv=astextplain
file:C:/Program Files/Git/etc/gitconfig	filter.lfs.clean=git-lfs clean -- %f
file:C:/Program Files/Git/etc/gitconfig	filter.lfs.smudge=git-lfs smudge -- %f
file:C:/Program Files/Git/etc/gitconfig	filter.lfs.process=git-lfs filter-process
file:C:/Program Files/Git/etc/gitconfig	filter.lfs.required=true
file:C:/Program Files/Git/etc/gitconfig	http.sslbackend=openssl
file:C:/Program Files/Git/etc/gitconfig	http.sslcainfo=C:/Program Files/Git/mingw64/etc/ssl/certs/ca-bundle.crt
file:C:/Program Files/Git/etc/gitconfig	core.autocrlf=true
file:C:/Program Files/Git/etc/gitconfig	core.fscache=true
file:C:/Program Files/Git/etc/gitconfig	core.symlinks=false
file:C:/Program Files/Git/etc/gitconfig	pull.rebase=false
file:C:/Program Files/Git/etc/gitconfig	credential.helper=manager
file:C:/Program Files/Git/etc/gitconfig	credential.https://dev.azure.com.usehttppath=true
file:C:/Program Files/Git/etc/gitconfig	init.defaultbranch=master
file:C:/Users/fond3/.gitconfig	gui.recentrepo=D:/TMP/hero-bio
file:C:/Users/fond3/.gitconfig	user.email=tarasyerko@gmail.com
file:C:/Users/fond3/.gitconfig	user.name=Taras Yerko
file:C:/Users/fond3/.gitconfig	core.editor='C:\Program Files\Notepad++\notepad++.exe' -multiInst -nosession
file:C:/Users/fond3/.gitconfig	core.autocrlf=false
file:C:/Users/fond3/.gitconfig	alias.logo=log --pretty=oneline
file:C:/Users/fond3/.gitconfig	alias.logf=log --pretty=full
file:C:/Users/fond3/.gitconfig	alias.mylog=log --pretty=format:"%h | %ad | %an | %s" --date=short
file:C:/Users/fond3/.gitconfig	alias.log-search-code=log -S ".scg"
file:C:/Users/fond3/.gitconfig	alias.log-search-message=log --grep="code.js" -i
file:C:/Users/fond3/.gitconfig	alias.logg=log --graph
file:C:/Users/fond3/.gitconfig	alias.loglast=log -1
file:.git/config	core.repositoryformatversion=0
file:.git/config	core.filemode=false
file:.git/config	core.bare=false
file:.git/config	core.logallrefupdates=true
file:.git/config	core.symlinks=false
file:.git/config	core.ignorecase=true
file:.git/config	remote.origin.url=git@github.com:TarasYerko/hello-world.git
file:.git/config	remote.origin.fetch=+refs/heads/*:refs/remotes/origin/*
file:.git/config	branch.main.remote=origin
file:.git/config	branch.main.merge=refs/heads/main
